0 info it worked if it ends with ok
1 verbose cli [ '/Users/shmck/.nvm/versions/node/v0.12.2/bin/node',
1 verbose cli   '/Users/shmck/.nvm/versions/node/v0.12.2/bin/npm',
1 verbose cli   'start' ]
2 info using npm@2.7.4
3 info using node@v0.12.2
4 verbose stack Error: ENOENT, open '/Users/shmck/Desktop/CODE/base/package.json'
4 verbose stack     at Error (native)
5 verbose cwd /Users/shmck/Desktop/CODE/base
6 error Darwin 14.3.0
7 error argv "/Users/shmck/.nvm/versions/node/v0.12.2/bin/node" "/Users/shmck/.nvm/versions/node/v0.12.2/bin/npm" "start"
8 error node v0.12.2
9 error npm  v2.7.4
10 error path /Users/shmck/Desktop/CODE/base/package.json
11 error code ENOENT
12 error errno -2
13 error enoent ENOENT, open '/Users/shmck/Desktop/CODE/base/package.json'
13 error enoent This is most likely not a problem with npm itself
13 error enoent and is related to npm not being able to find a file.
14 verbose exit [ -2, true ]
